***  Installation Started 03/18/13 22:13  ***
Title: Python 1.5.2 (final)
Source: G:\_blender\blender_port\blender_1.72_tree\download\python\py152.exe
Made Dir: C:\Program Files\Python
File Copy: C:\Program Files\Python\python.exe
File Copy: C:\Program Files\Python\pythonw.exe
Made Dir: C:\Program Files\Python\DLLs
File Copy: C:\Program Files\Python\DLLs\parser.pyd
File Copy: C:\Program Files\Python\DLLs\_tkinter.pyd
File Copy: C:\Program Files\Python\DLLs\zlib.pyd
File Copy: C:\Program Files\Python\DLLs\bsddb.pyd
File Overwrite: C:\WINDOWS\system32\python15.dll
File Overwrite: C:\WINDOWS\system32\python15.lib
File Copy: C:\Program Files\Python\pycon.ico
File Copy: C:\Program Files\Python\pyc.ico
File Copy: C:\Program Files\Python\py.ico
Made Dir: C:\Program Files\Python\Lib
File Copy: C:\Program Files\Python\Lib\aifc.py
File Copy: C:\Program Files\Python\Lib\anydbm.py
File Copy: C:\Program Files\Python\Lib\asynchat.py
File Copy: C:\Program Files\Python\Lib\asyncore.py
File Copy: C:\Program Files\Python\Lib\audiodev.py
File Copy: C:\Program Files\Python\Lib\base64.py
File Copy: C:\Program Files\Python\Lib\BaseHTTPServer.py
File Copy: C:\Program Files\Python\Lib\Bastion.py
File Copy: C:\Program Files\Python\Lib\bdb.py
File Copy: C:\Program Files\Python\Lib\binhex.py
File Copy: C:\Program Files\Python\Lib\bisect.py
File Copy: C:\Program Files\Python\Lib\calendar.py
File Copy: C:\Program Files\Python\Lib\cgi.py
File Copy: C:\Program Files\Python\Lib\CGIHTTPServer.py
File Copy: C:\Program Files\Python\Lib\cmd.py
File Copy: C:\Program Files\Python\Lib\cmp.py
File Copy: C:\Program Files\Python\Lib\cmpcache.py
File Copy: C:\Program Files\Python\Lib\code.py
File Copy: C:\Program Files\Python\Lib\codeop.py
File Copy: C:\Program Files\Python\Lib\colorsys.py
File Copy: C:\Program Files\Python\Lib\commands.py
File Copy: C:\Program Files\Python\Lib\compileall.py
File Copy: C:\Program Files\Python\Lib\ConfigParser.py
File Copy: C:\Program Files\Python\Lib\copy.py
File Copy: C:\Program Files\Python\Lib\copy_reg.py
File Copy: C:\Program Files\Python\Lib\dbhash.py
File Copy: C:\Program Files\Python\Lib\dircache.py
File Copy: C:\Program Files\Python\Lib\dircmp.py
File Copy: C:\Program Files\Python\Lib\dis.py
File Copy: C:\Program Files\Python\Lib\dospath.py
File Copy: C:\Program Files\Python\Lib\dumbdbm.py
File Copy: C:\Program Files\Python\Lib\dump.py
File Copy: C:\Program Files\Python\Lib\exceptions.py
File Copy: C:\Program Files\Python\Lib\fileinput.py
File Copy: C:\Program Files\Python\Lib\find.py
File Copy: C:\Program Files\Python\Lib\fnmatch.py
File Copy: C:\Program Files\Python\Lib\formatter.py
File Copy: C:\Program Files\Python\Lib\fpformat.py
File Copy: C:\Program Files\Python\Lib\ftplib.py
File Copy: C:\Program Files\Python\Lib\getopt.py
File Copy: C:\Program Files\Python\Lib\getpass.py
File Copy: C:\Program Files\Python\Lib\glob.py
File Copy: C:\Program Files\Python\Lib\gopherlib.py
File Copy: C:\Program Files\Python\Lib\grep.py
File Copy: C:\Program Files\Python\Lib\gzip.py
File Copy: C:\Program Files\Python\Lib\htmlentitydefs.py
File Copy: C:\Program Files\Python\Lib\htmllib.py
File Copy: C:\Program Files\Python\Lib\httplib.py
File Copy: C:\Program Files\Python\Lib\ihooks.py
File Copy: C:\Program Files\Python\Lib\imaplib.py
File Copy: C:\Program Files\Python\Lib\imghdr.py
File Copy: C:\Program Files\Python\Lib\keyword.py
File Copy: C:\Program Files\Python\Lib\knee.py
File Copy: C:\Program Files\Python\Lib\linecache.py
File Copy: C:\Program Files\Python\Lib\locale.py
File Copy: C:\Program Files\Python\Lib\macpath.py
File Copy: C:\Program Files\Python\Lib\macurl2path.py
File Copy: C:\Program Files\Python\Lib\mailbox.py
File Copy: C:\Program Files\Python\Lib\mailcap.py
File Copy: C:\Program Files\Python\Lib\mhlib.py
File Copy: C:\Program Files\Python\Lib\mimetools.py
File Copy: C:\Program Files\Python\Lib\mimetypes.py
File Copy: C:\Program Files\Python\Lib\MimeWriter.py
File Copy: C:\Program Files\Python\Lib\mimify.py
File Copy: C:\Program Files\Python\Lib\multifile.py
File Copy: C:\Program Files\Python\Lib\mutex.py
File Copy: C:\Program Files\Python\Lib\netrc.py
File Copy: C:\Program Files\Python\Lib\nntplib.py
File Copy: C:\Program Files\Python\Lib\ntpath.py
File Copy: C:\Program Files\Python\Lib\nturl2path.py
File Copy: C:\Program Files\Python\Lib\os.py
File Copy: C:\Program Files\Python\Lib\packmail.py
File Copy: C:\Program Files\Python\Lib\pdb.py
File Copy: C:\Program Files\Python\Lib\pickle.py
File Copy: C:\Program Files\Python\Lib\pipes.py
File Copy: C:\Program Files\Python\Lib\popen2.py
File Copy: C:\Program Files\Python\Lib\poplib.py
File Copy: C:\Program Files\Python\Lib\posixfile.py
File Copy: C:\Program Files\Python\Lib\posixpath.py
File Copy: C:\Program Files\Python\Lib\pprint.py
File Copy: C:\Program Files\Python\Lib\profile.py
File Copy: C:\Program Files\Python\Lib\pstats.py
File Copy: C:\Program Files\Python\Lib\pty.py
File Copy: C:\Program Files\Python\Lib\pyclbr.py
File Copy: C:\Program Files\Python\Lib\py_compile.py
File Copy: C:\Program Files\Python\Lib\Queue.py
File Copy: C:\Program Files\Python\Lib\quopri.py
File Copy: C:\Program Files\Python\Lib\random.py
File Copy: C:\Program Files\Python\Lib\re.py
File Copy: C:\Program Files\Python\Lib\reconvert.py
File Copy: C:\Program Files\Python\Lib\regex_syntax.py
File Copy: C:\Program Files\Python\Lib\regsub.py
File Copy: C:\Program Files\Python\Lib\repr.py
File Copy: C:\Program Files\Python\Lib\rexec.py
File Copy: C:\Program Files\Python\Lib\rfc822.py
File Copy: C:\Program Files\Python\Lib\rlcompleter.py
File Copy: C:\Program Files\Python\Lib\sched.py
File Copy: C:\Program Files\Python\Lib\sgmllib.py
File Copy: C:\Program Files\Python\Lib\shelve.py
File Copy: C:\Program Files\Python\Lib\shlex.py
File Copy: C:\Program Files\Python\Lib\shutil.py
File Copy: C:\Program Files\Python\Lib\SimpleHTTPServer.py
File Copy: C:\Program Files\Python\Lib\site.py
File Copy: C:\Program Files\Python\Lib\smtplib.py
File Copy: C:\Program Files\Python\Lib\sndhdr.py
File Copy: C:\Program Files\Python\Lib\SocketServer.py
File Copy: C:\Program Files\Python\Lib\stat.py
File Copy: C:\Program Files\Python\Lib\statcache.py
File Copy: C:\Program Files\Python\Lib\statvfs.py
File Copy: C:\Program Files\Python\Lib\string.py
File Copy: C:\Program Files\Python\Lib\StringIO.py
File Copy: C:\Program Files\Python\Lib\sunau.py
File Copy: C:\Program Files\Python\Lib\sunaudio.py
File Copy: C:\Program Files\Python\Lib\symbol.py
File Copy: C:\Program Files\Python\Lib\telnetlib.py
File Copy: C:\Program Files\Python\Lib\tempfile.py
File Copy: C:\Program Files\Python\Lib\threading.py
File Copy: C:\Program Files\Python\Lib\toaiff.py
File Copy: C:\Program Files\Python\Lib\token.py
File Copy: C:\Program Files\Python\Lib\tokenize.py
File Copy: C:\Program Files\Python\Lib\traceback.py
File Copy: C:\Program Files\Python\Lib\tty.py
File Copy: C:\Program Files\Python\Lib\turtle.py
File Copy: C:\Program Files\Python\Lib\types.py
File Copy: C:\Program Files\Python\Lib\tzparse.py
File Copy: C:\Program Files\Python\Lib\urllib.py
File Copy: C:\Program Files\Python\Lib\urlparse.py
File Copy: C:\Program Files\Python\Lib\user.py
File Copy: C:\Program Files\Python\Lib\UserDict.py
File Copy: C:\Program Files\Python\Lib\UserList.py
File Copy: C:\Program Files\Python\Lib\util.py
File Copy: C:\Program Files\Python\Lib\uu.py
File Copy: C:\Program Files\Python\Lib\wave.py
File Copy: C:\Program Files\Python\Lib\whichdb.py
File Copy: C:\Program Files\Python\Lib\whrandom.py
File Copy: C:\Program Files\Python\Lib\xdrlib.py
File Copy: C:\Program Files\Python\Lib\xmllib.py
Made Dir: C:\Program Files\Python\Lib\Plat-Win
File Copy: C:\Program Files\Python\Lib\Plat-Win\socket.py
Made Dir: C:\Program Files\Python\Lib\lib-tk
File Copy: C:\Program Files\Python\Lib\lib-tk\Canvas.py
File Copy: C:\Program Files\Python\Lib\lib-tk\Dialog.py
File Copy: C:\Program Files\Python\Lib\lib-tk\FileDialog.py
File Copy: C:\Program Files\Python\Lib\lib-tk\FixTk.py
File Copy: C:\Program Files\Python\Lib\lib-tk\ScrolledText.py
File Copy: C:\Program Files\Python\Lib\lib-tk\SimpleDialog.py
File Copy: C:\Program Files\Python\Lib\lib-tk\tkColorChooser.py
File Copy: C:\Program Files\Python\Lib\lib-tk\tkCommonDialog.py
File Copy: C:\Program Files\Python\Lib\lib-tk\Tkconstants.py
File Copy: C:\Program Files\Python\Lib\lib-tk\Tkdnd.py
File Copy: C:\Program Files\Python\Lib\lib-tk\tkFileDialog.py
File Copy: C:\Program Files\Python\Lib\lib-tk\tkFont.py
File Copy: C:\Program Files\Python\Lib\lib-tk\Tkinter.py
File Copy: C:\Program Files\Python\Lib\lib-tk\tkMessageBox.py
File Copy: C:\Program Files\Python\Lib\lib-tk\tkSimpleDialog.py
Made Dir: C:\Program Files\Python\libs
File Copy: C:\Program Files\Python\libs\bsddb.lib
File Copy: C:\Program Files\Python\libs\bsddb_d.lib
File Copy: C:\Program Files\Python\libs\parser.lib
File Copy: C:\Program Files\Python\libs\parser_d.lib
File Copy: C:\Program Files\Python\libs\python15.lib
File Copy: C:\Program Files\Python\libs\python15_d.lib
File Copy: C:\Program Files\Python\libs\zlib.lib
File Copy: C:\Program Files\Python\libs\zlib_d.lib
File Copy: C:\Program Files\Python\libs\_tkinter.lib
File Copy: C:\Program Files\Python\libs\_tkinter_d.lib
Made Dir: C:\Program Files\Python\include
File Copy: C:\Program Files\Python\include\abstract.h
File Copy: C:\Program Files\Python\include\bitset.h
File Copy: C:\Program Files\Python\include\bufferobject.h
File Copy: C:\Program Files\Python\include\ceval.h
File Copy: C:\Program Files\Python\include\classobject.h
File Copy: C:\Program Files\Python\include\cobject.h
File Copy: C:\Program Files\Python\include\compile.h
File Copy: C:\Program Files\Python\include\complexobject.h
File Copy: C:\Program Files\Python\include\cStringIO.h
File Copy: C:\Program Files\Python\include\dictobject.h
File Copy: C:\Program Files\Python\include\errcode.h
File Copy: C:\Program Files\Python\include\eval.h
File Copy: C:\Program Files\Python\include\fileobject.h
File Copy: C:\Program Files\Python\include\floatobject.h
File Copy: C:\Program Files\Python\include\frameobject.h
File Copy: C:\Program Files\Python\include\funcobject.h
File Copy: C:\Program Files\Python\include\graminit.h
File Copy: C:\Program Files\Python\include\grammar.h
File Copy: C:\Program Files\Python\include\import.h
File Copy: C:\Program Files\Python\include\intobject.h
File Copy: C:\Program Files\Python\include\intrcheck.h
File Copy: C:\Program Files\Python\include\listobject.h
File Copy: C:\Program Files\Python\include\longintrepr.h
File Copy: C:\Program Files\Python\include\longobject.h
File Copy: C:\Program Files\Python\include\marshal.h
File Copy: C:\Program Files\Python\include\metagrammar.h
File Copy: C:\Program Files\Python\include\methodobject.h
File Copy: C:\Program Files\Python\include\modsupport.h
File Copy: C:\Program Files\Python\include\moduleobject.h
File Copy: C:\Program Files\Python\include\mymalloc.h
File Copy: C:\Program Files\Python\include\mymath.h
File Copy: C:\Program Files\Python\include\myproto.h
File Copy: C:\Program Files\Python\include\myselect.h
File Copy: C:\Program Files\Python\include\mytime.h
File Copy: C:\Program Files\Python\include\node.h
File Copy: C:\Program Files\Python\include\object.h
File Copy: C:\Program Files\Python\include\objimpl.h
File Copy: C:\Program Files\Python\include\opcode.h
File Copy: C:\Program Files\Python\include\osdefs.h
File Copy: C:\Program Files\Python\include\parsetok.h
File Copy: C:\Program Files\Python\include\patchlevel.h
File Copy: C:\Program Files\Python\include\pgenheaders.h
File Copy: C:\Program Files\Python\include\pydebug.h
File Copy: C:\Program Files\Python\include\pyerrors.h
File Copy: C:\Program Files\Python\include\pyfpe.h
File Copy: C:\Program Files\Python\include\pystate.h
File Copy: C:\Program Files\Python\include\Python.h
File Copy: C:\Program Files\Python\include\pythonrun.h
File Copy: C:\Program Files\Python\include\pythread.h
File Copy: C:\Program Files\Python\include\rangeobject.h
File Copy: C:\Program Files\Python\include\rename2.h
File Copy: C:\Program Files\Python\include\sliceobject.h
File Copy: C:\Program Files\Python\include\stringobject.h
File Copy: C:\Program Files\Python\include\structmember.h
File Copy: C:\Program Files\Python\include\sysmodule.h
File Copy: C:\Program Files\Python\include\thread.h
File Copy: C:\Program Files\Python\include\token.h
File Copy: C:\Program Files\Python\include\traceback.h
File Copy: C:\Program Files\Python\include\tupleobject.h
File Copy: C:\Program Files\Python\include\config.h
Version: Following file not copied.
File Overwrite: C:\WINDOWS\system32\MSVCIRT.DLL
File Overwrite: C:\WINDOWS\system32\MSVCRT.DLL
File Tree: C:\Program Files\Python\Tools\*.*
Made Dir: C:\Program Files\Python\Tools
Made Dir: C:\Program Files\Python\Tools\Scripts
File Copy: C:\Program Files\Python\Tools\Scripts\byteyears.py
File Copy: C:\Program Files\Python\Tools\Scripts\checkpyc.py
File Copy: C:\Program Files\Python\Tools\Scripts\classfix.py
File Copy: C:\Program Files\Python\Tools\Scripts\copytime.py
File Copy: C:\Program Files\Python\Tools\Scripts\crlf.py
File Copy: C:\Program Files\Python\Tools\Scripts\cvsfiles.py
File Copy: C:\Program Files\Python\Tools\Scripts\dutree.py
File Copy: C:\Program Files\Python\Tools\Scripts\eptags.py
File Copy: C:\Program Files\Python\Tools\Scripts\findlinksto.py
File Copy: C:\Program Files\Python\Tools\Scripts\fixcid.py
File Copy: C:\Program Files\Python\Tools\Scripts\fixheader.py
File Copy: C:\Program Files\Python\Tools\Scripts\fixnotice.py
File Copy: C:\Program Files\Python\Tools\Scripts\fixps.py
File Copy: C:\Program Files\Python\Tools\Scripts\ftpmirror.py
File Copy: C:\Program Files\Python\Tools\Scripts\h2py.py
File Copy: C:\Program Files\Python\Tools\Scripts\ifdef.py
File Copy: C:\Program Files\Python\Tools\Scripts\lfcr.py
File Copy: C:\Program Files\Python\Tools\Scripts\linktree.py
File Copy: C:\Program Files\Python\Tools\Scripts\lll.py
File Copy: C:\Program Files\Python\Tools\Scripts\logmerge.py
File Copy: C:\Program Files\Python\Tools\Scripts\mailerdaemon.py
File Copy: C:\Program Files\Python\Tools\Scripts\methfix.py
File Copy: C:\Program Files\Python\Tools\Scripts\mkreal.py
File Copy: C:\Program Files\Python\Tools\Scripts\ndiff.py
File Copy: C:\Program Files\Python\Tools\Scripts\nm2def.py
File Copy: C:\Program Files\Python\Tools\Scripts\objgraph.py
File Copy: C:\Program Files\Python\Tools\Scripts\pathfix.py
File Copy: C:\Program Files\Python\Tools\Scripts\pdeps.py
File Copy: C:\Program Files\Python\Tools\Scripts\pindent.py
File Copy: C:\Program Files\Python\Tools\Scripts\ptags.py
File Copy: C:\Program Files\Python\Tools\Scripts\rgrep.py
File Copy: C:\Program Files\Python\Tools\Scripts\suff.py
File Copy: C:\Program Files\Python\Tools\Scripts\sum5.py
File Copy: C:\Program Files\Python\Tools\Scripts\tabnanny.py
File Copy: C:\Program Files\Python\Tools\Scripts\tabpolice.py
File Copy: C:\Program Files\Python\Tools\Scripts\texi2html.py
File Copy: C:\Program Files\Python\Tools\Scripts\treesync.py
File Copy: C:\Program Files\Python\Tools\Scripts\untabify.py
File Copy: C:\Program Files\Python\Tools\Scripts\which.py
File Copy: C:\Program Files\Python\Tools\Scripts\xxci.py
File Copy: C:\Program Files\Python\Tools\Scripts\dutree.doc
File Copy: C:\Program Files\Python\Tools\Scripts\README.txt
Made Dir: C:\Program Files\Python\Tools\webchecker
File Copy: C:\Program Files\Python\Tools\webchecker\robotparser.py
File Copy: C:\Program Files\Python\Tools\webchecker\tktools.py
File Copy: C:\Program Files\Python\Tools\webchecker\wcgui.py
File Copy: C:\Program Files\Python\Tools\webchecker\wcmac.py
File Copy: C:\Program Files\Python\Tools\webchecker\wcnew.py
File Copy: C:\Program Files\Python\Tools\webchecker\webchecker.py
File Copy: C:\Program Files\Python\Tools\webchecker\websucker.py
File Copy: C:\Program Files\Python\Tools\webchecker\wsgui.py
File Copy: C:\Program Files\Python\Tools\webchecker\README.txt
Made Dir: C:\Program Files\Python\Tools\versioncheck
File Copy: C:\Program Files\Python\Tools\versioncheck\checkversions.py
File Copy: C:\Program Files\Python\Tools\versioncheck\pyversioncheck.py
File Copy: C:\Program Files\Python\Tools\versioncheck\_checkversion.py
File Copy: C:\Program Files\Python\Tools\versioncheck\README.txt
Made Dir: C:\Program Files\Python\Tools\idle
File Copy: C:\Program Files\Python\Tools\idle\au2wav.py
File Copy: C:\Program Files\Python\Tools\idle\AutoExpand.py
File Copy: C:\Program Files\Python\Tools\idle\AutoIndent.py
File Copy: C:\Program Files\Python\Tools\idle\Bindings.py
File Copy: C:\Program Files\Python\Tools\idle\ClassBrowser.py
File Copy: C:\Program Files\Python\Tools\idle\ColorDelegator.py
File Copy: C:\Program Files\Python\Tools\idle\Debugger.py
File Copy: C:\Program Files\Python\Tools\idle\Delegator.py
File Copy: C:\Program Files\Python\Tools\idle\EditorWindow.py
File Copy: C:\Program Files\Python\Tools\idle\eventparse.py
File Copy: C:\Program Files\Python\Tools\idle\extend.py
File Copy: C:\Program Files\Python\Tools\idle\FileList.py
File Copy: C:\Program Files\Python\Tools\idle\FormatParagraph.py
File Copy: C:\Program Files\Python\Tools\idle\FrameViewer.py
File Copy: C:\Program Files\Python\Tools\idle\GrepDialog.py
File Copy: C:\Program Files\Python\Tools\idle\History.py
File Copy: C:\Program Files\Python\Tools\idle\idle.py
File Copy: C:\Program Files\Python\Tools\idle\idlever.py
File Copy: C:\Program Files\Python\Tools\idle\IOBinding.py
File Copy: C:\Program Files\Python\Tools\idle\keydefs.py
File Copy: C:\Program Files\Python\Tools\idle\MultiScrolledLists.py
File Copy: C:\Program Files\Python\Tools\idle\OutputWindow.py
File Copy: C:\Program Files\Python\Tools\idle\PathBrowser.py
File Copy: C:\Program Files\Python\Tools\idle\Percolator.py
File Copy: C:\Program Files\Python\Tools\idle\PyShell.py
File Copy: C:\Program Files\Python\Tools\idle\ReplaceDialog.py
File Copy: C:\Program Files\Python\Tools\idle\ScriptBinding.py
File Copy: C:\Program Files\Python\Tools\idle\ScrolledList.py
File Copy: C:\Program Files\Python\Tools\idle\SearchBinding.py
File Copy: C:\Program Files\Python\Tools\idle\SearchDialog.py
File Copy: C:\Program Files\Python\Tools\idle\SearchDialogBase.py
File Copy: C:\Program Files\Python\Tools\idle\SearchEngine.py
File Copy: C:\Program Files\Python\Tools\idle\Separator.py
File Copy: C:\Program Files\Python\Tools\idle\StackViewer.py
File Copy: C:\Program Files\Python\Tools\idle\testcode.py
File Copy: C:\Program Files\Python\Tools\idle\UndoDelegator.py
File Copy: C:\Program Files\Python\Tools\idle\WidgetRedirector.py
File Copy: C:\Program Files\Python\Tools\idle\WindowList.py
File Copy: C:\Program Files\Python\Tools\idle\ZoomHeight.py
File Copy: C:\Program Files\Python\Tools\idle\README.txt
File Copy: C:\Program Files\Python\Tools\idle\help.txt
File Copy: C:\Program Files\Python\Tools\idle\idle.pyw
Made Dir: C:\Program Files\Python\Tools\pynche
File Copy: C:\Program Files\Python\Tools\pynche\ChipViewer.py
File Copy: C:\Program Files\Python\Tools\pynche\ColorDB.py
File Copy: C:\Program Files\Python\Tools\pynche\DetailsViewer.py
File Copy: C:\Program Files\Python\Tools\pynche\ListViewer.py
File Copy: C:\Program Files\Python\Tools\pynche\Main.py
File Copy: C:\Program Files\Python\Tools\pynche\pyColorChooser.py
File Copy: C:\Program Files\Python\Tools\pynche\PyncheWidget.py
File Copy: C:\Program Files\Python\Tools\pynche\StripViewer.py
File Copy: C:\Program Files\Python\Tools\pynche\Switchboard.py
File Copy: C:\Program Files\Python\Tools\pynche\TextViewer.py
File Copy: C:\Program Files\Python\Tools\pynche\TypeinViewer.py
File Copy: C:\Program Files\Python\Tools\pynche\__init__.py
Made Dir: C:\Program Files\Python\Tools\pynche\X
File Copy: C:\Program Files\Python\Tools\pynche\X\rgb.txt
File Copy: C:\Program Files\Python\Tools\pynche\X\xlicense.txt
File Copy: C:\Program Files\Python\Tools\pynche\README.txt
File Copy: C:\Program Files\Python\Tools\pynche\pynche.py
File Copy: C:\Program Files\Python\Tools\pynche\pynche.pyw
Made Dir: C:\Program Files\Python\Doc
File Copy: C:\Program Files\Python\Doc\index.html
Made Dir: C:\Program Files\Python\Doc\icons
File Copy: C:\Program Files\Python\Doc\icons\blank.gif
File Copy: C:\Program Files\Python\Doc\icons\contents.gif
File Copy: C:\Program Files\Python\Doc\icons\index.gif
File Copy: C:\Program Files\Python\Doc\icons\modules.gif
File Copy: C:\Program Files\Python\Doc\icons\next.gif
File Copy: C:\Program Files\Python\Doc\icons\previous.gif
File Copy: C:\Program Files\Python\Doc\icons\up.gif
Made Dir: C:\Program Files\Python\Doc\tut
File Copy: C:\Program Files\Python\Doc\tut\about.html
File Copy: C:\Program Files\Python\Doc\tut\arbitraryArgs.html
File Copy: C:\Program Files\Python\Doc\tut\argPassing.html
File Copy: C:\Program Files\Python\Doc\tut\break.html
File Copy: C:\Program Files\Python\Doc\tut\calculator.html
File Copy: C:\Program Files\Python\Doc\tut\classDefinition.html
File Copy: C:\Program Files\Python\Doc\tut\classes.html
File Copy: C:\Program Files\Python\Doc\tut\classObjects.html
File Copy: C:\Program Files\Python\Doc\tut\cleanup.html
File Copy: C:\Program Files\Python\Doc\tut\commentary.html
File Copy: C:\Program Files\Python\Doc\tut\comparing.html
File Copy: C:\Program Files\Python\Doc\tut\conditions.html
File Copy: C:\Program Files\Python\Doc\tut\contents.html
File Copy: C:\Program Files\Python\Doc\tut\defaultArgs.html
File Copy: C:\Program Files\Python\Doc\tut\defining.html
File Copy: C:\Program Files\Python\Doc\tut\del.html
File Copy: C:\Program Files\Python\Doc\tut\dictionaries.html
File Copy: C:\Program Files\Python\Doc\tut\dir.html
File Copy: C:\Program Files\Python\Doc\tut\docstrings.html
File Copy: C:\Program Files\Python\Doc\tut\error.html
File Copy: C:\Program Files\Python\Doc\tut\errors.html
File Copy: C:\Program Files\Python\Doc\tut\exceptionClasses.html
File Copy: C:\Program Files\Python\Doc\tut\exceptions.html
File Copy: C:\Program Files\Python\Doc\tut\fileMethods.html
File Copy: C:\Program Files\Python\Doc\tut\files.html
File Copy: C:\Program Files\Python\Doc\tut\firstClasses.html
File Copy: C:\Program Files\Python\Doc\tut\firstSteps.html
File Copy: C:\Program Files\Python\Doc\tut\for.html
File Copy: C:\Program Files\Python\Doc\tut\formatting.html
File Copy: C:\Program Files\Python\Doc\tut\front.html
File Copy: C:\Program Files\Python\Doc\tut\functional.html
File Copy: C:\Program Files\Python\Doc\tut\functions.html
File Copy: C:\Program Files\Python\Doc\tut\handling.html
File Copy: C:\Program Files\Python\Doc\tut\history.html
File Copy: C:\Program Files\Python\Doc\tut\if.html
File Copy: C:\Program Files\Python\Doc\tut\index.html
File Copy: C:\Program Files\Python\Doc\tut\informal.html
File Copy: C:\Program Files\Python\Doc\tut\inheritance.html
File Copy: C:\Program Files\Python\Doc\tut\instanceObjects.html
File Copy: C:\Program Files\Python\Doc\tut\interacting.html
File Copy: C:\Program Files\Python\Doc\tut\interactive.html
File Copy: C:\Program Files\Python\Doc\tut\interp.html
File Copy: C:\Program Files\Python\Doc\tut\intro.html
File Copy: C:\Program Files\Python\Doc\tut\invoking.html
File Copy: C:\Program Files\Python\Doc\tut\io.html
File Copy: C:\Program Files\Python\Doc\tut\keyBindings.html
File Copy: C:\Program Files\Python\Doc\tut\keywordArgs.html
File Copy: C:\Program Files\Python\Doc\tut\lambda.html
File Copy: C:\Program Files\Python\Doc\tut\lineEditing.html
File Copy: C:\Program Files\Python\Doc\tut\lists.html
File Copy: C:\Program Files\Python\Doc\tut\methodObjects.html
File Copy: C:\Program Files\Python\Doc\tut\modules.html
File Copy: C:\Program Files\Python\Doc\tut\moreControl.html
File Copy: C:\Program Files\Python\Doc\tut\moreLists.html
File Copy: C:\Program Files\Python\Doc\tut\moreModules.html
File Copy: C:\Program Files\Python\Doc\tut\multiple.html
File Copy: C:\Program Files\Python\Doc\tut\node43.html
File Copy: C:\Program Files\Python\Doc\tut\node48.html
File Copy: C:\Program Files\Python\Doc\tut\numbers.html
File Copy: C:\Program Files\Python\Doc\tut\odds.html
File Copy: C:\Program Files\Python\Doc\tut\packages.html
File Copy: C:\Program Files\Python\Doc\tut\pass.html
File Copy: C:\Program Files\Python\Doc\tut\pickle.html
File Copy: C:\Program Files\Python\Doc\tut\pkg-import-star.html
File Copy: C:\Program Files\Python\Doc\tut\private.html
File Copy: C:\Program Files\Python\Doc\tut\raising.html
File Copy: C:\Program Files\Python\Doc\tut\range.html
File Copy: C:\Program Files\Python\Doc\tut\remarks.html
File Copy: C:\Program Files\Python\Doc\tut\scopes.html
File Copy: C:\Program Files\Python\Doc\tut\scripts.html
File Copy: C:\Program Files\Python\Doc\tut\searchPath.html
File Copy: C:\Program Files\Python\Doc\tut\standardModules.html
File Copy: C:\Program Files\Python\Doc\tut\startup.html
File Copy: C:\Program Files\Python\Doc\tut\strings.html
File Copy: C:\Program Files\Python\Doc\tut\structures.html
File Copy: C:\Program Files\Python\Doc\tut\syntaxErrors.html
File Copy: C:\Program Files\Python\Doc\tut\terminology.html
File Copy: C:\Program Files\Python\Doc\tut\tuples.html
File Copy: C:\Program Files\Python\Doc\tut\tut.css
File Copy: C:\Program Files\Python\Doc\tut\tut.html
File Copy: C:\Program Files\Python\Doc\tut\userExceptions.html
File Copy: C:\Program Files\Python\Doc\tut\using.html
File Copy: C:\Program Files\Python\Doc\tut\whatNow.html
File Copy: C:\Program Files\Python\Doc\tut\where.html
Made Dir: C:\Program Files\Python\Doc\lib
File Copy: C:\Program Files\Python\Doc\lib\about.html
File Copy: C:\Program Files\Python\Doc\lib\addresslist-objects.html
File Copy: C:\Program Files\Python\Doc\lib\al-config-objects.html
File Copy: C:\Program Files\Python\Doc\lib\al-port-objects.html
File Copy: C:\Program Files\Python\Doc\lib\allos.html
File Copy: C:\Program Files\Python\Doc\lib\AST_Errors.html
File Copy: C:\Program Files\Python\Doc\lib\AST_Examples.html
File Copy: C:\Program Files\Python\Doc\lib\AST_Objects.html
File Copy: C:\Program Files\Python\Doc\lib\audio-device-objects.html
File Copy: C:\Program Files\Python\Doc\lib\binhex-notes.html
File Copy: C:\Program Files\Python\Doc\lib\bisect-example.html
File Copy: C:\Program Files\Python\Doc\lib\bitstring-ops.html
File Copy: C:\Program Files\Python\Doc\lib\bltin-code-objects.html
File Copy: C:\Program Files\Python\Doc\lib\bltin-ellipsis-object.html
File Copy: C:\Program Files\Python\Doc\lib\bltin-file-objects.html
File Copy: C:\Program Files\Python\Doc\lib\bltin-null-object.html
File Copy: C:\Program Files\Python\Doc\lib\bltin-type-objects.html
File Copy: C:\Program Files\Python\Doc\lib\boolean.html
File Copy: C:\Program Files\Python\Doc\lib\built-in-funcs.html
File Copy: C:\Program Files\Python\Doc\lib\builtin.html
File Copy: C:\Program Files\Python\Doc\lib\bytecodes.html
File Copy: C:\Program Files\Python\Doc\lib\cd-parser-objects.html
File Copy: C:\Program Files\Python\Doc\lib\cgi-intro.html
File Copy: C:\Program Files\Python\Doc\lib\Cmd-objects.html
File Copy: C:\Program Files\Python\Doc\lib\comparisons.html
File Copy: C:\Program Files\Python\Doc\lib\condition-objects.html
File Copy: C:\Program Files\Python\Doc\lib\ConfigParser-objects.html
File Copy: C:\Program Files\Python\Doc\lib\contents.html
File Copy: C:\Program Files\Python\Doc\lib\Contents_of_Module_re.html
File Copy: C:\Program Files\Python\Doc\lib\Contents_of_Module_regex.html
File Copy: C:\Program Files\Python\Doc\lib\Converting_ASTs.html
File Copy: C:\Program Files\Python\Doc\lib\Creating_ASTs.html
File Copy: C:\Program Files\Python\Doc\lib\crypto.html
File Copy: C:\Program Files\Python\Doc\lib\Deterministic_Profiling.html
File Copy: C:\Program Files\Python\Doc\lib\embedding-locale.html
File Copy: C:\Program Files\Python\Doc\lib\event-objects.html
File Copy: C:\Program Files\Python\Doc\lib\examples-imp.html
File Copy: C:\Program Files\Python\Doc\lib\FL_Functions.html
File Copy: C:\Program Files\Python\Doc\lib\form-objects.html
File Copy: C:\Program Files\Python\Doc\lib\formatter-impls.html
File Copy: C:\Program Files\Python\Doc\lib\formatter-interface.html
File Copy: C:\Program Files\Python\Doc\lib\forms-objects.html
File Copy: C:\Program Files\Python\Doc\lib\front.html
File Copy: C:\Program Files\Python\Doc\lib\ftp-objects.html
File Copy: C:\Program Files\Python\Doc\lib\Functions_in_cgi_module.html
File Copy: C:\Program Files\Python\Doc\lib\genindex.html
File Copy: C:\Program Files\Python\Doc\lib\HTTP_Example.html
File Copy: C:\Program Files\Python\Doc\lib\imap4-example.html
File Copy: C:\Program Files\Python\Doc\lib\imap4-objects.html
File Copy: C:\Program Files\Python\Doc\lib\img1.gif
File Copy: C:\Program Files\Python\Doc\lib\index.html
File Copy: C:\Program Files\Python\Doc\lib\internet.html
File Copy: C:\Program Files\Python\Doc\lib\intro.html
File Copy: C:\Program Files\Python\Doc\lib\lib.css
File Copy: C:\Program Files\Python\Doc\lib\lib.html
File Copy: C:\Program Files\Python\Doc\lib\lock-objects.html
File Copy: C:\Program Files\Python\Doc\lib\mailbox-objects.html
File Copy: C:\Program Files\Python\Doc\lib\match-objects.html
File Copy: C:\Program Files\Python\Doc\lib\matching-searching.html
File Copy: C:\Program Files\Python\Doc\lib\message-objects.html
File Copy: C:\Program Files\Python\Doc\lib\mh-folder-objects.html
File Copy: C:\Program Files\Python\Doc\lib\mh-message-objects.html
File Copy: C:\Program Files\Python\Doc\lib\mh-objects.html
File Copy: C:\Program Files\Python\Doc\lib\mimetools.Message_Methods.html
File Copy: C:\Program Files\Python\Doc\lib\MimeWriter-objects.html
File Copy: C:\Program Files\Python\Doc\lib\misc.html
File Copy: C:\Program Files\Python\Doc\lib\mmedia.html
File Copy: C:\Program Files\Python\Doc\lib\modindex.html
File Copy: C:\Program Files\Python\Doc\lib\module-aifc.html
File Copy: C:\Program Files\Python\Doc\lib\module-al-constants.html
File Copy: C:\Program Files\Python\Doc\lib\module-AL.html
File Copy: C:\Program Files\Python\Doc\lib\module-anydbm.html
File Copy: C:\Program Files\Python\Doc\lib\module-array.html
File Copy: C:\Program Files\Python\Doc\lib\module-audioop.html
File Copy: C:\Program Files\Python\Doc\lib\module-base64.html
File Copy: C:\Program Files\Python\Doc\lib\module-BaseHTTPServer.html
File Copy: C:\Program Files\Python\Doc\lib\module-Bastion.html
File Copy: C:\Program Files\Python\Doc\lib\module-binascii.html
File Copy: C:\Program Files\Python\Doc\lib\module-binhex.html
File Copy: C:\Program Files\Python\Doc\lib\module-bisect.html
File Copy: C:\Program Files\Python\Doc\lib\module-builtin.html
File Copy: C:\Program Files\Python\Doc\lib\module-calendar.html
File Copy: C:\Program Files\Python\Doc\lib\module-cd.html
File Copy: C:\Program Files\Python\Doc\lib\module-cgi.html
File Copy: C:\Program Files\Python\Doc\lib\module-cmath.html
File Copy: C:\Program Files\Python\Doc\lib\module-cmd.html
File Copy: C:\Program Files\Python\Doc\lib\module-code.html
File Copy: C:\Program Files\Python\Doc\lib\module-commands.html
File Copy: C:\Program Files\Python\Doc\lib\module-compileall.html
File Copy: C:\Program Files\Python\Doc\lib\module-ConfigParser.html
File Copy: C:\Program Files\Python\Doc\lib\module-copy.html
File Copy: C:\Program Files\Python\Doc\lib\module-copyreg.html
File Copy: C:\Program Files\Python\Doc\lib\module-cPickle.html
File Copy: C:\Program Files\Python\Doc\lib\module-crypt.html
File Copy: C:\Program Files\Python\Doc\lib\module-cStringIO.html
File Copy: C:\Program Files\Python\Doc\lib\module-dbm.html
File Copy: C:\Program Files\Python\Doc\lib\module-DEVICE.html
File Copy: C:\Program Files\Python\Doc\lib\module-dis.html
File Copy: C:\Program Files\Python\Doc\lib\module-dumbdbm.html
File Copy: C:\Program Files\Python\Doc\lib\module-errno.html
File Copy: C:\Program Files\Python\Doc\lib\module-exceptions.html
File Copy: C:\Program Files\Python\Doc\lib\module-fcntl.html
File Copy: C:\Program Files\Python\Doc\lib\module-fileinput.html
File Copy: C:\Program Files\Python\Doc\lib\module-fl-constants.html
File Copy: C:\Program Files\Python\Doc\lib\module-FL.html
File Copy: C:\Program Files\Python\Doc\lib\module-flp.html
File Copy: C:\Program Files\Python\Doc\lib\module-fm.html
File Copy: C:\Program Files\Python\Doc\lib\module-fnmatch.html
File Copy: C:\Program Files\Python\Doc\lib\module-formatter.html
File Copy: C:\Program Files\Python\Doc\lib\module-ftplib.html
File Copy: C:\Program Files\Python\Doc\lib\module-gdbm.html
File Copy: C:\Program Files\Python\Doc\lib\module-getopt.html
File Copy: C:\Program Files\Python\Doc\lib\module-getpass.html
File Copy: C:\Program Files\Python\Doc\lib\module-gl-constants.html
File Copy: C:\Program Files\Python\Doc\lib\module-gl.html
File Copy: C:\Program Files\Python\Doc\lib\module-glob.html
File Copy: C:\Program Files\Python\Doc\lib\module-gopherlib.html
File Copy: C:\Program Files\Python\Doc\lib\module-grp.html
File Copy: C:\Program Files\Python\Doc\lib\module-gzip.html
File Copy: C:\Program Files\Python\Doc\lib\module-htmllib.html
File Copy: C:\Program Files\Python\Doc\lib\module-httplib.html
File Copy: C:\Program Files\Python\Doc\lib\module-imageop.html
File Copy: C:\Program Files\Python\Doc\lib\module-imaplib.html
File Copy: C:\Program Files\Python\Doc\lib\module-imgfile.html
File Copy: C:\Program Files\Python\Doc\lib\module-imghdr.html
File Copy: C:\Program Files\Python\Doc\lib\module-imp.html
File Copy: C:\Program Files\Python\Doc\lib\module-jpeg.html
File Copy: C:\Program Files\Python\Doc\lib\module-keyword.html
File Copy: C:\Program Files\Python\Doc\lib\module-locale.html
File Copy: C:\Program Files\Python\Doc\lib\module-mailbox.html
File Copy: C:\Program Files\Python\Doc\lib\module-mailcap.html
File Copy: C:\Program Files\Python\Doc\lib\module-main.html
File Copy: C:\Program Files\Python\Doc\lib\module-marshal.html
File Copy: C:\Program Files\Python\Doc\lib\module-math.html
File Copy: C:\Program Files\Python\Doc\lib\module-md5.html
File Copy: C:\Program Files\Python\Doc\lib\module-mhlib.html
File Copy: C:\Program Files\Python\Doc\lib\module-mimetools.html
File Copy: C:\Program Files\Python\Doc\lib\module-mimetypes.html
File Copy: C:\Program Files\Python\Doc\lib\module-MimeWriter.html
File Copy: C:\Program Files\Python\Doc\lib\module-mimify.html
File Copy: C:\Program Files\Python\Doc\lib\module-mpz.html
File Copy: C:\Program Files\Python\Doc\lib\module-msvcrt.html
File Copy: C:\Program Files\Python\Doc\lib\module-multifile.html
File Copy: C:\Program Files\Python\Doc\lib\module-netrc.html
File Copy: C:\Program Files\Python\Doc\lib\module-nntplib.html
File Copy: C:\Program Files\Python\Doc\lib\module-operator.html
File Copy: C:\Program Files\Python\Doc\lib\module-os.html
File Copy: C:\Program Files\Python\Doc\lib\module-os.path.html
File Copy: C:\Program Files\Python\Doc\lib\module-parser.html
File Copy: C:\Program Files\Python\Doc\lib\module-pdb.html
File Copy: C:\Program Files\Python\Doc\lib\module-pickle.html
File Copy: C:\Program Files\Python\Doc\lib\module-popen2.html
File Copy: C:\Program Files\Python\Doc\lib\module-poplib.html
File Copy: C:\Program Files\Python\Doc\lib\module-posix.html
File Copy: C:\Program Files\Python\Doc\lib\module-posixfile.html
File Copy: C:\Program Files\Python\Doc\lib\module-posixpath.html
File Copy: C:\Program Files\Python\Doc\lib\module-pprint.html
File Copy: C:\Program Files\Python\Doc\lib\module-profile.html
File Copy: C:\Program Files\Python\Doc\lib\module-pwd.html
File Copy: C:\Program Files\Python\Doc\lib\module-pyclbr.html
File Copy: C:\Program Files\Python\Doc\lib\module-pycompile.html
File Copy: C:\Program Files\Python\Doc\lib\module-Queue.html
File Copy: C:\Program Files\Python\Doc\lib\module-quopri.html
File Copy: C:\Program Files\Python\Doc\lib\module-random.html
File Copy: C:\Program Files\Python\Doc\lib\module-re.html
File Copy: C:\Program Files\Python\Doc\lib\module-regex.html
File Copy: C:\Program Files\Python\Doc\lib\module-regsub.html
File Copy: C:\Program Files\Python\Doc\lib\module-repr.html
File Copy: C:\Program Files\Python\Doc\lib\module-resource.html
File Copy: C:\Program Files\Python\Doc\lib\module-rexec.html
File Copy: C:\Program Files\Python\Doc\lib\module-rfc822.html
File Copy: C:\Program Files\Python\Doc\lib\module-rgbimg.html
File Copy: C:\Program Files\Python\Doc\lib\module-rotor.html
File Copy: C:\Program Files\Python\Doc\lib\module-select.html
File Copy: C:\Program Files\Python\Doc\lib\module-sgmllib.html
File Copy: C:\Program Files\Python\Doc\lib\module-shelve.html
File Copy: C:\Program Files\Python\Doc\lib\module-shlex.html
File Copy: C:\Program Files\Python\Doc\lib\module-shutil.html
File Copy: C:\Program Files\Python\Doc\lib\module-signal.html
File Copy: C:\Program Files\Python\Doc\lib\module-site.html
File Copy: C:\Program Files\Python\Doc\lib\module-smtplib.html
File Copy: C:\Program Files\Python\Doc\lib\module-sndhdr.html
File Copy: C:\Program Files\Python\Doc\lib\module-socket.html
File Copy: C:\Program Files\Python\Doc\lib\module-SocketServer.html
File Copy: C:\Program Files\Python\Doc\lib\module-stat.html
File Copy: C:\Program Files\Python\Doc\lib\module-string.html
File Copy: C:\Program Files\Python\Doc\lib\module-StringIO.html
File Copy: C:\Program Files\Python\Doc\lib\module-struct.html
File Copy: C:\Program Files\Python\Doc\lib\module-sunaudiodev.html
File Copy: C:\Program Files\Python\Doc\lib\module-symbol.html
File Copy: C:\Program Files\Python\Doc\lib\module-sys.html
File Copy: C:\Program Files\Python\Doc\lib\module-syslog.html
File Copy: C:\Program Files\Python\Doc\lib\module-telnetlib.html
File Copy: C:\Program Files\Python\Doc\lib\module-tempfile.html
File Copy: C:\Program Files\Python\Doc\lib\module-termios.html
File Copy: C:\Program Files\Python\Doc\lib\module-TERMIOSuppercase.html
File Copy: C:\Program Files\Python\Doc\lib\module-thread.html
File Copy: C:\Program Files\Python\Doc\lib\module-threading.html
File Copy: C:\Program Files\Python\Doc\lib\module-time.html
File Copy: C:\Program Files\Python\Doc\lib\module-token.html
File Copy: C:\Program Files\Python\Doc\lib\module-tokenize.html
File Copy: C:\Program Files\Python\Doc\lib\module-traceback.html
File Copy: C:\Program Files\Python\Doc\lib\module-types.html
File Copy: C:\Program Files\Python\Doc\lib\module-urllib.html
File Copy: C:\Program Files\Python\Doc\lib\module-urlparse.html
File Copy: C:\Program Files\Python\Doc\lib\module-user.html
File Copy: C:\Program Files\Python\Doc\lib\module-UserDict.html
File Copy: C:\Program Files\Python\Doc\lib\module-UserList.html
File Copy: C:\Program Files\Python\Doc\lib\module-uu.html
File Copy: C:\Program Files\Python\Doc\lib\module-whichdb.html
File Copy: C:\Program Files\Python\Doc\lib\module-whrandom.html
File Copy: C:\Program Files\Python\Doc\lib\module-winsound.html
File Copy: C:\Program Files\Python\Doc\lib\module-xdrlib.html
File Copy: C:\Program Files\Python\Doc\lib\module-xmllib.html
File Copy: C:\Program Files\Python\Doc\lib\module-zlib.html
File Copy: C:\Program Files\Python\Doc\lib\msvcrt-console.html
File Copy: C:\Program Files\Python\Doc\lib\msvcrt-files.html
File Copy: C:\Program Files\Python\Doc\lib\msvcrt-other.html
File Copy: C:\Program Files\Python\Doc\lib\multifile-example.html
File Copy: C:\Program Files\Python\Doc\lib\MultiFile-objects.html
File Copy: C:\Program Files\Python\Doc\lib\netdata.html
File Copy: C:\Program Files\Python\Doc\lib\netrc-objects.html
File Copy: C:\Program Files\Python\Doc\lib\nntp-objects.html
File Copy: C:\Program Files\Python\Doc\lib\node123.html
File Copy: C:\Program Files\Python\Doc\lib\node129.html
File Copy: C:\Program Files\Python\Doc\lib\node162.html
File Copy: C:\Program Files\Python\Doc\lib\node163.html
File Copy: C:\Program Files\Python\Doc\lib\node170.html
File Copy: C:\Program Files\Python\Doc\lib\node171.html
File Copy: C:\Program Files\Python\Doc\lib\node175.html
File Copy: C:\Program Files\Python\Doc\lib\node178.html
File Copy: C:\Program Files\Python\Doc\lib\node179.html
File Copy: C:\Program Files\Python\Doc\lib\node180.html
File Copy: C:\Program Files\Python\Doc\lib\node182.html
File Copy: C:\Program Files\Python\Doc\lib\node183.html
File Copy: C:\Program Files\Python\Doc\lib\node188.html
File Copy: C:\Program Files\Python\Doc\lib\node190.html
File Copy: C:\Program Files\Python\Doc\lib\node191.html
File Copy: C:\Program Files\Python\Doc\lib\node192.html
File Copy: C:\Program Files\Python\Doc\lib\node193.html
File Copy: C:\Program Files\Python\Doc\lib\node194.html
File Copy: C:\Program Files\Python\Doc\lib\node197.html
File Copy: C:\Program Files\Python\Doc\lib\node261.html
File Copy: C:\Program Files\Python\Doc\lib\node297.html
File Copy: C:\Program Files\Python\Doc\lib\node304.html
File Copy: C:\Program Files\Python\Doc\lib\node305.html
File Copy: C:\Program Files\Python\Doc\lib\node306.html
File Copy: C:\Program Files\Python\Doc\lib\node307.html
File Copy: C:\Program Files\Python\Doc\lib\node308.html
File Copy: C:\Program Files\Python\Doc\lib\node309.html
File Copy: C:\Program Files\Python\Doc\lib\node310.html
File Copy: C:\Program Files\Python\Doc\lib\node51.html
File Copy: C:\Program Files\Python\Doc\lib\node52.html
File Copy: C:\Program Files\Python\Doc\lib\node82.html
File Copy: C:\Program Files\Python\Doc\lib\os-fd-ops.html
File Copy: C:\Program Files\Python\Doc\lib\os-file-dir.html
File Copy: C:\Program Files\Python\Doc\lib\os-newstreams.html
File Copy: C:\Program Files\Python\Doc\lib\os-path.html
File Copy: C:\Program Files\Python\Doc\lib\os-process.html
File Copy: C:\Program Files\Python\Doc\lib\os-procinfo.html
File Copy: C:\Program Files\Python\Doc\lib\player-objects.html
File Copy: C:\Program Files\Python\Doc\lib\pop3-example.html
File Copy: C:\Program Files\Python\Doc\lib\pop3-objects.html
File Copy: C:\Program Files\Python\Doc\lib\popen3-objects.html
File Copy: C:\Program Files\Python\Doc\lib\posix-contents.html
File Copy: C:\Program Files\Python\Doc\lib\posix-large-files.html
File Copy: C:\Program Files\Python\Doc\lib\PrettyPrinter_Objects.html
File Copy: C:\Program Files\Python\Doc\lib\profile.html
File Copy: C:\Program Files\Python\Doc\lib\Profiler_Changes.html
File Copy: C:\Program Files\Python\Doc\lib\Profiler_Extensions.html
File Copy: C:\Program Files\Python\Doc\lib\Profiler_Introduction.html
File Copy: C:\Program Files\Python\Doc\lib\pyclbr-class-objects.html
File Copy: C:\Program Files\Python\Doc\lib\python.html
File Copy: C:\Program Files\Python\Doc\lib\Querying_ASTs.html
File Copy: C:\Program Files\Python\Doc\lib\QueueObjects.html
File Copy: C:\Program Files\Python\Doc\lib\re-objects.html
File Copy: C:\Program Files\Python\Doc\lib\re-syntax.html
File Copy: C:\Program Files\Python\Doc\lib\Repr-objects.html
File Copy: C:\Program Files\Python\Doc\lib\restricted.html
File Copy: C:\Program Files\Python\Doc\lib\rlock-objects.html
File Copy: C:\Program Files\Python\Doc\lib\semaphore-objects.html
File Copy: C:\Program Files\Python\Doc\lib\sgi.html
File Copy: C:\Program Files\Python\Doc\lib\shlex-objects.html
File Copy: C:\Program Files\Python\Doc\lib\shutil-example.html
File Copy: C:\Program Files\Python\Doc\lib\Signal_Example.html
File Copy: C:\Program Files\Python\Doc\lib\SMTP-example.html
File Copy: C:\Program Files\Python\Doc\lib\SMTP-objects.html
File Copy: C:\Program Files\Python\Doc\lib\Socket_Example.html
File Copy: C:\Program Files\Python\Doc\lib\someos.html
File Copy: C:\Program Files\Python\Doc\lib\specialattrs.html
File Copy: C:\Program Files\Python\Doc\lib\strings.html
File Copy: C:\Program Files\Python\Doc\lib\subclassing-reprs.html
File Copy: C:\Program Files\Python\Doc\lib\sunos.html
File Copy: C:\Program Files\Python\Doc\lib\telnet-objects.html
File Copy: C:\Program Files\Python\Doc\lib\termios_Example.html
File Copy: C:\Program Files\Python\Doc\lib\thread-objects.html
File Copy: C:\Program Files\Python\Doc\lib\truth.html
File Copy: C:\Program Files\Python\Doc\lib\types.html
File Copy: C:\Program Files\Python\Doc\lib\typesfunctions.html
File Copy: C:\Program Files\Python\Doc\lib\typesinternal.html
File Copy: C:\Program Files\Python\Doc\lib\typesmapping.html
File Copy: C:\Program Files\Python\Doc\lib\typesmethods.html
File Copy: C:\Program Files\Python\Doc\lib\typesmodules.html
File Copy: C:\Program Files\Python\Doc\lib\typesnumeric.html
File Copy: C:\Program Files\Python\Doc\lib\typesobjects.html
File Copy: C:\Program Files\Python\Doc\lib\typesother.html
File Copy: C:\Program Files\Python\Doc\lib\typesseq-mutable.html
File Copy: C:\Program Files\Python\Doc\lib\typesseq-strings.html
File Copy: C:\Program Files\Python\Doc\lib\typesseq.html
File Copy: C:\Program Files\Python\Doc\lib\undoc.html
File Copy: C:\Program Files\Python\Doc\lib\unix.html
File Copy: C:\Program Files\Python\Doc\lib\Using_the_cgi_module.html
File Copy: C:\Program Files\Python\Doc\lib\writer-impls.html
File Copy: C:\Program Files\Python\Doc\lib\writer-interface.html
File Copy: C:\Program Files\Python\Doc\lib\xdr-exceptions.html
File Copy: C:\Program Files\Python\Doc\lib\xdr-packer-objects.html
File Copy: C:\Program Files\Python\Doc\lib\xdr-unpacker-objects.html
File Copy: C:\Program Files\Python\Doc\lib\xml-namespace.html
Made Dir: C:\Program Files\Python\Doc\ext
File Copy: C:\Program Files\Python\Doc\ext\about.html
File Copy: C:\Program Files\Python\Doc\ext\backToExample.html
File Copy: C:\Program Files\Python\Doc\ext\building-on-unix.html
File Copy: C:\Program Files\Python\Doc\ext\building-on-windows.html
File Copy: C:\Program Files\Python\Doc\ext\buildValue.html
File Copy: C:\Program Files\Python\Doc\ext\callingPython.html
File Copy: C:\Program Files\Python\Doc\ext\compilation.html
File Copy: C:\Program Files\Python\Doc\ext\contents.html
File Copy: C:\Program Files\Python\Doc\ext\cplusplus.html
File Copy: C:\Program Files\Python\Doc\ext\custom-interps.html
File Copy: C:\Program Files\Python\Doc\ext\distributing.html
File Copy: C:\Program Files\Python\Doc\ext\dynamic-linking.html
File Copy: C:\Program Files\Python\Doc\ext\dynloadConfig.html
File Copy: C:\Program Files\Python\Doc\ext\embedding.html
File Copy: C:\Program Files\Python\Doc\ext\embeddingInCplusplus.html
File Copy: C:\Program Files\Python\Doc\ext\errors.html
File Copy: C:\Program Files\Python\Doc\ext\ext.css
File Copy: C:\Program Files\Python\Doc\ext\ext.html
File Copy: C:\Program Files\Python\Doc\ext\front.html
File Copy: C:\Program Files\Python\Doc\ext\gnuDynload.html
File Copy: C:\Program Files\Python\Doc\ext\index.html
File Copy: C:\Program Files\Python\Doc\ext\intro.html
File Copy: C:\Program Files\Python\Doc\ext\irixDynload.html
File Copy: C:\Program Files\Python\Doc\ext\makedynload.html
File Copy: C:\Program Files\Python\Doc\ext\methodTable.html
File Copy: C:\Program Files\Python\Doc\ext\module-defn-example.html
File Copy: C:\Program Files\Python\Doc\ext\module-defn-options.html
File Copy: C:\Program Files\Python\Doc\ext\nullPointers.html
File Copy: C:\Program Files\Python\Doc\ext\ownershipRules.html
File Copy: C:\Program Files\Python\Doc\ext\parseTuple.html
File Copy: C:\Program Files\Python\Doc\ext\parseTupleAndKeywords.html
File Copy: C:\Program Files\Python\Doc\ext\refcounts.html
File Copy: C:\Program Files\Python\Doc\ext\refcountsInPython.html
File Copy: C:\Program Files\Python\Doc\ext\simpleExample.html
File Copy: C:\Program Files\Python\Doc\ext\thinIce.html
File Copy: C:\Program Files\Python\Doc\ext\using-cobjects.html
File Copy: C:\Program Files\Python\Doc\ext\win-cookbook.html
File Copy: C:\Program Files\Python\Doc\ext\win-dlls.html
Made Dir: C:\Program Files\Python\Doc\api
File Copy: C:\Program Files\Python\Doc\api\about.html
File Copy: C:\Program Files\Python\Doc\api\abstract.html
File Copy: C:\Program Files\Python\Doc\api\api.css
File Copy: C:\Program Files\Python\Doc\api\api.html
File Copy: C:\Program Files\Python\Doc\api\cObjects.html
File Copy: C:\Program Files\Python\Doc\api\complexObjects.html
File Copy: C:\Program Files\Python\Doc\api\concrete.html
File Copy: C:\Program Files\Python\Doc\api\contents.html
File Copy: C:\Program Files\Python\Doc\api\countingRefs.html
File Copy: C:\Program Files\Python\Doc\api\debugging.html
File Copy: C:\Program Files\Python\Doc\api\dictObjects.html
File Copy: C:\Program Files\Python\Doc\api\embedding.html
File Copy: C:\Program Files\Python\Doc\api\exceptionHandling.html
File Copy: C:\Program Files\Python\Doc\api\exceptions.html
File Copy: C:\Program Files\Python\Doc\api\fileObjects.html
File Copy: C:\Program Files\Python\Doc\api\floatObjects.html
File Copy: C:\Program Files\Python\Doc\api\front.html
File Copy: C:\Program Files\Python\Doc\api\fundamental.html
File Copy: C:\Program Files\Python\Doc\api\genindex.html
File Copy: C:\Program Files\Python\Doc\api\importing.html
File Copy: C:\Program Files\Python\Doc\api\includes.html
File Copy: C:\Program Files\Python\Doc\api\index.html
File Copy: C:\Program Files\Python\Doc\api\initialization.html
File Copy: C:\Program Files\Python\Doc\api\intObjects.html
File Copy: C:\Program Files\Python\Doc\api\intro.html
File Copy: C:\Program Files\Python\Doc\api\listObjects.html
File Copy: C:\Program Files\Python\Doc\api\longObjects.html
File Copy: C:\Program Files\Python\Doc\api\mapObjects.html
File Copy: C:\Program Files\Python\Doc\api\mapping.html
File Copy: C:\Program Files\Python\Doc\api\moduleObjects.html
File Copy: C:\Program Files\Python\Doc\api\newTypes.html
File Copy: C:\Program Files\Python\Doc\api\node24.html
File Copy: C:\Program Files\Python\Doc\api\noneObject.html
File Copy: C:\Program Files\Python\Doc\api\number.html
File Copy: C:\Program Files\Python\Doc\api\numericObjects.html
File Copy: C:\Program Files\Python\Doc\api\object.html
File Copy: C:\Program Files\Python\Doc\api\objects.html
File Copy: C:\Program Files\Python\Doc\api\os.html
File Copy: C:\Program Files\Python\Doc\api\otherObjects.html
File Copy: C:\Program Files\Python\Doc\api\processControl.html
File Copy: C:\Program Files\Python\Doc\api\refcountDetails.html
File Copy: C:\Program Files\Python\Doc\api\refcounts.html
File Copy: C:\Program Files\Python\Doc\api\sequence.html
File Copy: C:\Program Files\Python\Doc\api\sequenceObjects.html
File Copy: C:\Program Files\Python\Doc\api\standardExceptions.html
File Copy: C:\Program Files\Python\Doc\api\stringObjects.html
File Copy: C:\Program Files\Python\Doc\api\threads.html
File Copy: C:\Program Files\Python\Doc\api\tupleObjects.html
File Copy: C:\Program Files\Python\Doc\api\typeObjects.html
File Copy: C:\Program Files\Python\Doc\api\types.html
File Copy: C:\Program Files\Python\Doc\api\utilities.html
File Copy: C:\Program Files\Python\Doc\api\veryhigh.html
Made Dir: C:\Program Files\Python\Doc\ref
File Copy: C:\Program Files\Python\Doc\ref\about.html
File Copy: C:\Program Files\Python\Doc\ref\assert.html
File Copy: C:\Program Files\Python\Doc\ref\assignment.html
File Copy: C:\Program Files\Python\Doc\ref\atom-identifiers.html
File Copy: C:\Program Files\Python\Doc\ref\atom-literals.html
File Copy: C:\Program Files\Python\Doc\ref\atoms.html
File Copy: C:\Program Files\Python\Doc\ref\attribute-access.html
File Copy: C:\Program Files\Python\Doc\ref\attribute-references.html
File Copy: C:\Program Files\Python\Doc\ref\binary.html
File Copy: C:\Program Files\Python\Doc\ref\bitwise.html
File Copy: C:\Program Files\Python\Doc\ref\blank-lines.html
File Copy: C:\Program Files\Python\Doc\ref\break.html
File Copy: C:\Program Files\Python\Doc\ref\callable-types.html
File Copy: C:\Program Files\Python\Doc\ref\calls.html
File Copy: C:\Program Files\Python\Doc\ref\class.html
File Copy: C:\Program Files\Python\Doc\ref\comments.html
File Copy: C:\Program Files\Python\Doc\ref\comparisons.html
File Copy: C:\Program Files\Python\Doc\ref\compound.html
File Copy: C:\Program Files\Python\Doc\ref\contents.html
File Copy: C:\Program Files\Python\Doc\ref\continue.html
File Copy: C:\Program Files\Python\Doc\ref\conversions.html
File Copy: C:\Program Files\Python\Doc\ref\customization.html
File Copy: C:\Program Files\Python\Doc\ref\datamodel.html
File Copy: C:\Program Files\Python\Doc\ref\del.html
File Copy: C:\Program Files\Python\Doc\ref\delimiters.html
File Copy: C:\Program Files\Python\Doc\ref\dict.html
File Copy: C:\Program Files\Python\Doc\ref\exceptions.html
File Copy: C:\Program Files\Python\Doc\ref\exec.html
File Copy: C:\Program Files\Python\Doc\ref\execframes.html
File Copy: C:\Program Files\Python\Doc\ref\execmodel.html
File Copy: C:\Program Files\Python\Doc\ref\explicit-joining.html
File Copy: C:\Program Files\Python\Doc\ref\expression-input.html
File Copy: C:\Program Files\Python\Doc\ref\expressions.html
File Copy: C:\Program Files\Python\Doc\ref\exprlists.html
File Copy: C:\Program Files\Python\Doc\ref\exprstmts.html
File Copy: C:\Program Files\Python\Doc\ref\file-input.html
File Copy: C:\Program Files\Python\Doc\ref\floating.html
File Copy: C:\Program Files\Python\Doc\ref\for.html
File Copy: C:\Program Files\Python\Doc\ref\front.html
File Copy: C:\Program Files\Python\Doc\ref\function.html
File Copy: C:\Program Files\Python\Doc\ref\genindex.html
File Copy: C:\Program Files\Python\Doc\ref\global.html
File Copy: C:\Program Files\Python\Doc\ref\id-classes.html
File Copy: C:\Program Files\Python\Doc\ref\identifiers.html
File Copy: C:\Program Files\Python\Doc\ref\if.html
File Copy: C:\Program Files\Python\Doc\ref\imaginary.html
File Copy: C:\Program Files\Python\Doc\ref\implicit-joining.html
File Copy: C:\Program Files\Python\Doc\ref\import.html
File Copy: C:\Program Files\Python\Doc\ref\indentation.html
File Copy: C:\Program Files\Python\Doc\ref\index.html
File Copy: C:\Program Files\Python\Doc\ref\integers.html
File Copy: C:\Program Files\Python\Doc\ref\interactive.html
File Copy: C:\Program Files\Python\Doc\ref\introduction.html
File Copy: C:\Program Files\Python\Doc\ref\keywords.html
File Copy: C:\Program Files\Python\Doc\ref\lambda.html
File Copy: C:\Program Files\Python\Doc\ref\lexical.html
File Copy: C:\Program Files\Python\Doc\ref\line-structure.html
File Copy: C:\Program Files\Python\Doc\ref\lists.html
File Copy: C:\Program Files\Python\Doc\ref\literals.html
File Copy: C:\Program Files\Python\Doc\ref\logical.html
File Copy: C:\Program Files\Python\Doc\ref\notation.html
File Copy: C:\Program Files\Python\Doc\ref\numbers.html
File Copy: C:\Program Files\Python\Doc\ref\numeric-types.html
File Copy: C:\Program Files\Python\Doc\ref\objects.html
File Copy: C:\Program Files\Python\Doc\ref\operators.html
File Copy: C:\Program Files\Python\Doc\ref\other-tokens.html
File Copy: C:\Program Files\Python\Doc\ref\parenthesized.html
File Copy: C:\Program Files\Python\Doc\ref\pass.html
File Copy: C:\Program Files\Python\Doc\ref\physical.html
File Copy: C:\Program Files\Python\Doc\ref\power.html
File Copy: C:\Program Files\Python\Doc\ref\primaries.html
File Copy: C:\Program Files\Python\Doc\ref\print.html
File Copy: C:\Program Files\Python\Doc\ref\programs.html
File Copy: C:\Program Files\Python\Doc\ref\raise.html
File Copy: C:\Program Files\Python\Doc\ref\ref.css
File Copy: C:\Program Files\Python\Doc\ref\ref.html
File Copy: C:\Program Files\Python\Doc\ref\return.html
File Copy: C:\Program Files\Python\Doc\ref\sequence-methods.html
File Copy: C:\Program Files\Python\Doc\ref\sequence-types.html
File Copy: C:\Program Files\Python\Doc\ref\shifting.html
File Copy: C:\Program Files\Python\Doc\ref\simple.html
File Copy: C:\Program Files\Python\Doc\ref\slicings.html
File Copy: C:\Program Files\Python\Doc\ref\specialnames.html
File Copy: C:\Program Files\Python\Doc\ref\string-catenation.html
File Copy: C:\Program Files\Python\Doc\ref\string-conversions.html
File Copy: C:\Program Files\Python\Doc\ref\strings.html
File Copy: C:\Program Files\Python\Doc\ref\subscriptions.html
File Copy: C:\Program Files\Python\Doc\ref\summary.html
File Copy: C:\Program Files\Python\Doc\ref\top-level.html
File Copy: C:\Program Files\Python\Doc\ref\try.html
File Copy: C:\Program Files\Python\Doc\ref\types.html
File Copy: C:\Program Files\Python\Doc\ref\unary.html
File Copy: C:\Program Files\Python\Doc\ref\while.html
File Copy: C:\Program Files\Python\Doc\ref\whitespace.html
Made Dir: C:\Program Files\Python\Doc\doc
File Copy: C:\Program Files\Python\Doc\doc\about.html
File Copy: C:\Program Files\Python\Doc\doc\contents.html
File Copy: C:\Program Files\Python\Doc\doc\discussion.html
File Copy: C:\Program Files\Python\Doc\doc\doc.css
File Copy: C:\Program Files\Python\Doc\doc\doc.html
File Copy: C:\Program Files\Python\Doc\doc\futures.html
File Copy: C:\Program Files\Python\Doc\doc\index.html
File Copy: C:\Program Files\Python\Doc\doc\indexing.html
File Copy: C:\Program Files\Python\Doc\doc\info-units.html
File Copy: C:\Program Files\Python\Doc\doc\latex-primer.html
File Copy: C:\Program Files\Python\Doc\doc\node10.html
File Copy: C:\Program Files\Python\Doc\doc\node11.html
File Copy: C:\Program Files\Python\Doc\doc\node14.html
File Copy: C:\Program Files\Python\Doc\doc\node15.html
File Copy: C:\Program Files\Python\Doc\doc\node16.html
File Copy: C:\Program Files\Python\Doc\doc\node17.html
File Copy: C:\Program Files\Python\Doc\doc\node2.html
File Copy: C:\Program Files\Python\Doc\doc\node3.html
File Copy: C:\Program Files\Python\Doc\doc\node5.html
File Copy: C:\Program Files\Python\Doc\doc\node6.html
File Copy: C:\Program Files\Python\Doc\doc\node8.html
File Copy: C:\Program Files\Python\Doc\doc\node9.html
File Copy: C:\Program Files\Python\Doc\doc\references.html
File Copy: C:\Program Files\Python\Doc\doc\structured.html
Made Dir: C:\Program Files\Python\Lib\test
File Copy: C:\Program Files\Python\Lib\test\audiotest.au
File Copy: C:\Program Files\Python\Lib\test\greyrgb.uue
File Copy: C:\Program Files\Python\Lib\test\testimg.uue
File Copy: C:\Program Files\Python\Lib\test\testimgr.uue
File Copy: C:\Program Files\Python\Lib\test\testrgb.uue
File Copy: C:\Program Files\Python\Lib\test\autotest.py
File Copy: C:\Program Files\Python\Lib\test\pystone.py
File Copy: C:\Program Files\Python\Lib\test\regex_tests.py
File Copy: C:\Program Files\Python\Lib\test\regrtest.py
File Copy: C:\Program Files\Python\Lib\test\reperf.py
File Copy: C:\Program Files\Python\Lib\test\re_tests.py
File Copy: C:\Program Files\Python\Lib\test\sortperf.py
File Copy: C:\Program Files\Python\Lib\test\testall.py
File Copy: C:\Program Files\Python\Lib\test\test_al.py
File Copy: C:\Program Files\Python\Lib\test\test_array.py
File Copy: C:\Program Files\Python\Lib\test\test_audioop.py
File Copy: C:\Program Files\Python\Lib\test\test_b1.py
File Copy: C:\Program Files\Python\Lib\test\test_b2.py
File Copy: C:\Program Files\Python\Lib\test\test_binascii.py
File Copy: C:\Program Files\Python\Lib\test\test_bsddb.py
File Copy: C:\Program Files\Python\Lib\test\test_builtin.py
File Copy: C:\Program Files\Python\Lib\test\test_cd.py
File Copy: C:\Program Files\Python\Lib\test\test_cl.py
File Copy: C:\Program Files\Python\Lib\test\test_cmath.py
File Copy: C:\Program Files\Python\Lib\test\test_cpickle.py
File Copy: C:\Program Files\Python\Lib\test\test_crypt.py
File Copy: C:\Program Files\Python\Lib\test\test_dbm.py
File Copy: C:\Program Files\Python\Lib\test\test_dl.py
File Copy: C:\Program Files\Python\Lib\test\test_errno.py
File Copy: C:\Program Files\Python\Lib\test\test_exceptions.py
File Copy: C:\Program Files\Python\Lib\test\test_fcntl.py
File Copy: C:\Program Files\Python\Lib\test\test_gdbm.py
File Copy: C:\Program Files\Python\Lib\test\test_gl.py
File Copy: C:\Program Files\Python\Lib\test\test_grammar.py
File Copy: C:\Program Files\Python\Lib\test\test_grp.py
File Copy: C:\Program Files\Python\Lib\test\test_gzip.py
File Copy: C:\Program Files\Python\Lib\test\test_imageop.py
File Copy: C:\Program Files\Python\Lib\test\test_imgfile.py
File Copy: C:\Program Files\Python\Lib\test\test_long.py
File Copy: C:\Program Files\Python\Lib\test\test_math.py
File Copy: C:\Program Files\Python\Lib\test\test_md5.py
File Copy: C:\Program Files\Python\Lib\test\test_MimeWriter.py
File Copy: C:\Program Files\Python\Lib\test\test_new.py
File Copy: C:\Program Files\Python\Lib\test\test_nis.py
File Copy: C:\Program Files\Python\Lib\test\test_ntpath.py
File Copy: C:\Program Files\Python\Lib\test\test_opcodes.py
File Copy: C:\Program Files\Python\Lib\test\test_operations.py
File Copy: C:\Program Files\Python\Lib\test\test_operator.py
File Copy: C:\Program Files\Python\Lib\test\test_pickle.py
File Copy: C:\Program Files\Python\Lib\test\test_pkg.py
File Copy: C:\Program Files\Python\Lib\test\test_popen2.py
File Copy: C:\Program Files\Python\Lib\test\test_pow.py
File Copy: C:\Program Files\Python\Lib\test\test_pwd.py
File Copy: C:\Program Files\Python\Lib\test\test_re.py
File Copy: C:\Program Files\Python\Lib\test\test_regex.py
File Copy: C:\Program Files\Python\Lib\test\test_rfc822.py
File Copy: C:\Program Files\Python\Lib\test\test_rgbimg.py
File Copy: C:\Program Files\Python\Lib\test\test_rotor.py
File Copy: C:\Program Files\Python\Lib\test\test_select.py
File Copy: C:\Program Files\Python\Lib\test\test_sha.py
File Copy: C:\Program Files\Python\Lib\test\test_signal.py
File Copy: C:\Program Files\Python\Lib\test\test_socket.py
File Copy: C:\Program Files\Python\Lib\test\test_strftime.py
File Copy: C:\Program Files\Python\Lib\test\test_strop.py
File Copy: C:\Program Files\Python\Lib\test\test_struct.py
File Copy: C:\Program Files\Python\Lib\test\test_sunaudiodev.py
File Copy: C:\Program Files\Python\Lib\test\test_support.py
File Copy: C:\Program Files\Python\Lib\test\test_thread.py
File Copy: C:\Program Files\Python\Lib\test\test_time.py
File Copy: C:\Program Files\Python\Lib\test\test_timing.py
File Copy: C:\Program Files\Python\Lib\test\test_tokenize.py
File Copy: C:\Program Files\Python\Lib\test\test_types.py
File Copy: C:\Program Files\Python\Lib\test\test_unpack.py
File Copy: C:\Program Files\Python\Lib\test\test_userdict.py
File Copy: C:\Program Files\Python\Lib\test\test_userlist.py
File Copy: C:\Program Files\Python\Lib\test\test_xmllib.py
File Copy: C:\Program Files\Python\Lib\test\test_zlib.py
File Copy: C:\Program Files\Python\Lib\test\tokenize_tests.py
File Copy: C:\Program Files\Python\Lib\test\__init__.py
Made Dir: C:\Program Files\Python\Lib\test\output
File Copy: C:\Program Files\Python\Lib\test\output\test_al
File Copy: C:\Program Files\Python\Lib\test\output\test_array
File Copy: C:\Program Files\Python\Lib\test\output\test_audioop
File Copy: C:\Program Files\Python\Lib\test\output\test_binascii
File Copy: C:\Program Files\Python\Lib\test\output\test_bsddb
File Copy: C:\Program Files\Python\Lib\test\output\test_builtin
File Copy: C:\Program Files\Python\Lib\test\output\test_cd
File Copy: C:\Program Files\Python\Lib\test\output\test_cl
File Copy: C:\Program Files\Python\Lib\test\output\test_cmath
File Copy: C:\Program Files\Python\Lib\test\output\test_cpickle
File Copy: C:\Program Files\Python\Lib\test\output\test_crypt
File Copy: C:\Program Files\Python\Lib\test\output\test_dbm
File Copy: C:\Program Files\Python\Lib\test\output\test_dl
File Copy: C:\Program Files\Python\Lib\test\output\test_errno
File Copy: C:\Program Files\Python\Lib\test\output\test_exceptions
File Copy: C:\Program Files\Python\Lib\test\output\test_fcntl
File Copy: C:\Program Files\Python\Lib\test\output\test_gdbm
File Copy: C:\Program Files\Python\Lib\test\output\test_gl
File Copy: C:\Program Files\Python\Lib\test\output\test_grammar
File Copy: C:\Program Files\Python\Lib\test\output\test_grp
File Copy: C:\Program Files\Python\Lib\test\output\test_gzip
File Copy: C:\Program Files\Python\Lib\test\output\test_imageop
File Copy: C:\Program Files\Python\Lib\test\output\test_imgfile
File Copy: C:\Program Files\Python\Lib\test\output\test_long
File Copy: C:\Program Files\Python\Lib\test\output\test_math
File Copy: C:\Program Files\Python\Lib\test\output\test_md5
File Copy: C:\Program Files\Python\Lib\test\output\test_MimeWriter
File Copy: C:\Program Files\Python\Lib\test\output\test_new
File Copy: C:\Program Files\Python\Lib\test\output\test_nis
File Copy: C:\Program Files\Python\Lib\test\output\test_ntpath
File Copy: C:\Program Files\Python\Lib\test\output\test_opcodes
File Copy: C:\Program Files\Python\Lib\test\output\test_operations
File Copy: C:\Program Files\Python\Lib\test\output\test_operator
File Copy: C:\Program Files\Python\Lib\test\output\test_pickle
File Copy: C:\Program Files\Python\Lib\test\output\test_pkg
File Copy: C:\Program Files\Python\Lib\test\output\test_popen2
File Copy: C:\Program Files\Python\Lib\test\output\test_pow
File Copy: C:\Program Files\Python\Lib\test\output\test_pwd
File Copy: C:\Program Files\Python\Lib\test\output\test_re
File Copy: C:\Program Files\Python\Lib\test\output\test_regex
File Copy: C:\Program Files\Python\Lib\test\output\test_rfc822
File Copy: C:\Program Files\Python\Lib\test\output\test_rgbimg
File Copy: C:\Program Files\Python\Lib\test\output\test_rotor
File Copy: C:\Program Files\Python\Lib\test\output\test_select
File Copy: C:\Program Files\Python\Lib\test\output\test_sha
File Copy: C:\Program Files\Python\Lib\test\output\test_signal
File Copy: C:\Program Files\Python\Lib\test\output\test_socket
File Copy: C:\Program Files\Python\Lib\test\output\test_strftime
File Copy: C:\Program Files\Python\Lib\test\output\test_strop
File Copy: C:\Program Files\Python\Lib\test\output\test_struct
File Copy: C:\Program Files\Python\Lib\test\output\test_sunaudiodev
File Copy: C:\Program Files\Python\Lib\test\output\test_thread
File Copy: C:\Program Files\Python\Lib\test\output\test_time
File Copy: C:\Program Files\Python\Lib\test\output\test_timing
File Copy: C:\Program Files\Python\Lib\test\output\test_tokenize
File Copy: C:\Program Files\Python\Lib\test\output\test_types
File Copy: C:\Program Files\Python\Lib\test\output\test_unpack
File Copy: C:\Program Files\Python\Lib\test\output\test_userdict
File Copy: C:\Program Files\Python\Lib\test\output\test_userlist
File Copy: C:\Program Files\Python\Lib\test\output\test_xmllib
File Copy: C:\Program Files\Python\Lib\test\output\test_zlib
File Overwrite: C:\Program Files\Python\Lib\test\autotest.py
File Overwrite: C:\Program Files\Python\Lib\test\pystone.py
File Overwrite: C:\Program Files\Python\Lib\test\regex_tests.py
File Overwrite: C:\Program Files\Python\Lib\test\regrtest.py
File Overwrite: C:\Program Files\Python\Lib\test\reperf.py
File Overwrite: C:\Program Files\Python\Lib\test\re_tests.py
File Overwrite: C:\Program Files\Python\Lib\test\sortperf.py
File Overwrite: C:\Program Files\Python\Lib\test\testall.py
File Overwrite: C:\Program Files\Python\Lib\test\test_al.py
File Overwrite: C:\Program Files\Python\Lib\test\test_array.py
File Overwrite: C:\Program Files\Python\Lib\test\test_audioop.py
File Overwrite: C:\Program Files\Python\Lib\test\test_b1.py
File Overwrite: C:\Program Files\Python\Lib\test\test_b2.py
File Overwrite: C:\Program Files\Python\Lib\test\test_binascii.py
File Overwrite: C:\Program Files\Python\Lib\test\test_bsddb.py
File Overwrite: C:\Program Files\Python\Lib\test\test_builtin.py
File Overwrite: C:\Program Files\Python\Lib\test\test_cd.py
File Overwrite: C:\Program Files\Python\Lib\test\test_cl.py
File Overwrite: C:\Program Files\Python\Lib\test\test_cmath.py
File Overwrite: C:\Program Files\Python\Lib\test\test_cpickle.py
File Overwrite: C:\Program Files\Python\Lib\test\test_crypt.py
File Overwrite: C:\Program Files\Python\Lib\test\test_dbm.py
File Overwrite: C:\Program Files\Python\Lib\test\test_dl.py
File Overwrite: C:\Program Files\Python\Lib\test\test_errno.py
File Overwrite: C:\Program Files\Python\Lib\test\test_exceptions.py
File Overwrite: C:\Program Files\Python\Lib\test\test_fcntl.py
File Overwrite: C:\Program Files\Python\Lib\test\test_gdbm.py
File Overwrite: C:\Program Files\Python\Lib\test\test_gl.py
File Overwrite: C:\Program Files\Python\Lib\test\test_grammar.py
File Overwrite: C:\Program Files\Python\Lib\test\test_grp.py
File Overwrite: C:\Program Files\Python\Lib\test\test_gzip.py
File Overwrite: C:\Program Files\Python\Lib\test\test_imageop.py
File Overwrite: C:\Program Files\Python\Lib\test\test_imgfile.py
File Overwrite: C:\Program Files\Python\Lib\test\test_long.py
File Overwrite: C:\Program Files\Python\Lib\test\test_math.py
File Overwrite: C:\Program Files\Python\Lib\test\test_md5.py
File Overwrite: C:\Program Files\Python\Lib\test\test_MimeWriter.py
File Overwrite: C:\Program Files\Python\Lib\test\test_new.py
File Overwrite: C:\Program Files\Python\Lib\test\test_nis.py
File Overwrite: C:\Program Files\Python\Lib\test\test_ntpath.py
File Overwrite: C:\Program Files\Python\Lib\test\test_opcodes.py
File Overwrite: C:\Program Files\Python\Lib\test\test_operations.py
File Overwrite: C:\Program Files\Python\Lib\test\test_operator.py
File Overwrite: C:\Program Files\Python\Lib\test\test_pickle.py
File Overwrite: C:\Program Files\Python\Lib\test\test_pkg.py
File Overwrite: C:\Program Files\Python\Lib\test\test_popen2.py
File Overwrite: C:\Program Files\Python\Lib\test\test_pow.py
File Overwrite: C:\Program Files\Python\Lib\test\test_pwd.py
File Overwrite: C:\Program Files\Python\Lib\test\test_re.py
File Overwrite: C:\Program Files\Python\Lib\test\test_regex.py
File Overwrite: C:\Program Files\Python\Lib\test\test_rfc822.py
File Overwrite: C:\Program Files\Python\Lib\test\test_rgbimg.py
File Overwrite: C:\Program Files\Python\Lib\test\test_rotor.py
File Overwrite: C:\Program Files\Python\Lib\test\test_select.py
File Overwrite: C:\Program Files\Python\Lib\test\test_sha.py
File Overwrite: C:\Program Files\Python\Lib\test\test_signal.py
File Overwrite: C:\Program Files\Python\Lib\test\test_socket.py
File Overwrite: C:\Program Files\Python\Lib\test\test_strftime.py
File Overwrite: C:\Program Files\Python\Lib\test\test_strop.py
File Overwrite: C:\Program Files\Python\Lib\test\test_struct.py
File Overwrite: C:\Program Files\Python\Lib\test\test_sunaudiodev.py
File Overwrite: C:\Program Files\Python\Lib\test\test_support.py
File Overwrite: C:\Program Files\Python\Lib\test\test_thread.py
File Overwrite: C:\Program Files\Python\Lib\test\test_time.py
File Overwrite: C:\Program Files\Python\Lib\test\test_timing.py
File Overwrite: C:\Program Files\Python\Lib\test\test_tokenize.py
File Overwrite: C:\Program Files\Python\Lib\test\test_types.py
File Overwrite: C:\Program Files\Python\Lib\test\test_unpack.py
File Overwrite: C:\Program Files\Python\Lib\test\test_userdict.py
File Overwrite: C:\Program Files\Python\Lib\test\test_userlist.py
File Overwrite: C:\Program Files\Python\Lib\test\test_xmllib.py
File Overwrite: C:\Program Files\Python\Lib\test\test_zlib.py
File Overwrite: C:\Program Files\Python\Lib\test\tokenize_tests.py
File Overwrite: C:\Program Files\Python\Lib\test\__init__.py
File Tree: C:\Program Files\Python\Lib\*.*
RegDB Key: .py
RegDB Val: Python.File
RegDB Old: py_auto_file
RegDB Key: .py
RegDB Val: text/plain
RegDB Name: Content Type
RegDB Key: Python.File
RegDB Val: Python File
RegDB Key: Python.File\shell\open\command
RegDB Val: C:\Program Files\Python\python.exe "%1" %*
RegDB Key: Python.File\DefaultIcon
RegDB Val: C:\Program Files\Python\Py.ico
RegDB Key: .pyw
RegDB Val: Python.NoConFile
RegDB Key: .pyw
RegDB Val: text/plain
RegDB Name: Content Type
RegDB Key: Python.NoConFile
RegDB Val: Python File (no console)
RegDB Key: Python.NoConFile\shell\open\command
RegDB Val: C:\Program Files\Python\pythonw.exe "%1" %*
RegDB Key: Python.NoConFile\DefaultIcon
RegDB Val: C:\Program Files\Python\Py.ico
RegDB Key: .pyc
RegDB Val: Python.CompiledFile
RegDB Key: .pyo
RegDB Val: Python.CompiledFile
RegDB Key: Python.CompiledFile
RegDB Val: Compiled Python File
RegDB Key: Python.CompiledFile\shell\open\command
RegDB Val: C:\Program Files\Python\python.exe "%1" %*
RegDB Key: Python.CompiledFile\DefaultIcon
RegDB Val: C:\Program Files\Python\pyc.ico
RegDB Key: Software\Python\PythonCore\1.5\InstallPath
RegDB Val: C:\Program Files\Python
RegDB Root: 2
RegDB Key: Software\Python\PythonCore\1.5\InstallPath\InstallGroup
RegDB Val: Python 1.5
RegDB Root: 2
RegDB Key: Software\Python\PythonCore\1.5\PythonPath
RegDB Val: C:\Program Files\Python\Lib\plat-win;C:\Program Files\Python\Lib;C:\Program Files\Python\DLLs;C:\Program Files\Python\Lib\lib-tk
RegDB Root: 2
RegDB Key: Software\Python\PythonCore\1.5\Dll
RegDB Val: C:\WINDOWS\system32\Python15.dll
RegDB Root: 2
RegDB Key: Software\Python\PythonCore\1.5\Modules
RegDB Val: 
RegDB Root: 2
RegDB Key: Software\Microsoft\Windows\CurrentVersion\App Paths\Python.exe
RegDB Val: C:\Program Files\Python\Python.exe
RegDB Root: 2
RegDB Key: Software\Python\PythonCore\1.5\Help\Main Python Documentation
RegDB Val: C:\Program Files\Python\Doc\index.html
RegDB Root: 2
File Copy: C:\PROGRA~1\Python\UNWISE.EXE
RegDB Key: Software\Microsoft\Windows\CurrentVersion\Uninstall\Python 1.5.2 (final)
RegDB Val: Python 1.5.2 (final)
RegDB Name: DisplayName
RegDB Root: 2
RegDB Key: Software\Microsoft\Windows\CurrentVersion\Uninstall\Python 1.5.2 (final)
RegDB Val: C:\PROGRA~1\Python\UNWISE.EXE C:\PROGRA~1\Python\INSTALL.LOG
RegDB Name: UninstallString
RegDB Root: 2
Made Dir: C:\Documents and Settings\All Users\Start Menu\Programs\Python 1.5
Shell Link: C:\Documents and Settings\All Users\Start Menu\Programs\Python 1.5\Python (command line).lnk
Shell Link: C:\Documents and Settings\All Users\Start Menu\Programs\Python 1.5\Python Manuals.lnk
Shell Link: C:\Documents and Settings\All Users\Start Menu\Programs\Python 1.5\IDLE (Python GUI).lnk
Shell Link: C:\Documents and Settings\All Users\Start Menu\Programs\Python 1.5\Uninstall Python.lnk
User Rights: Admin
